<?xml version="1.0" encoding="UTF-8"?>
<coverage generated="1763840983184" clover="3.2.0">
  <project timestamp="1763840983184" name="All files">
    <metrics statements="10" coveredstatements="10" conditionals="8" coveredconditionals="7" methods="2" coveredmethods="2" elements="20" coveredelements="19" complexity="0" loc="10" ncloc="10" packages="2" files="2" classes="2"/>
    <package name="controllers">
      <metrics statements="6" coveredstatements="6" conditionals="4" coveredconditionals="3" methods="1" coveredmethods="1"/>
      <file name="fibonacci-controller.js" path="C:\Users\USUARIO\Desktop\Repositorio-DWES(Clonado)\BartlomiejKrzysztofChudy-DWES\Trimestre 1\17-code-estructure\ejercicios\src\controllers\fibonacci-controller.js">
        <metrics statements="6" coveredstatements="6" conditionals="4" coveredconditionals="3" methods="1" coveredmethods="1"/>
        <line num="3" count="1" type="stmt"/>
        <line num="4" count="2" type="cond" truecount="1" falsecount="1"/>
        <line num="6" count="2" type="cond" truecount="2" falsecount="0"/>
        <line num="7" count="1" type="stmt"/>
        <line num="9" count="1" type="stmt"/>
        <line num="11" count="1" type="stmt"/>
      </file>
    </package>
    <package name="utils">
      <metrics statements="4" coveredstatements="4" conditionals="4" coveredconditionals="4" methods="1" coveredmethods="1"/>
      <file name="fibonacci.js" path="C:\Users\USUARIO\Desktop\Repositorio-DWES(Clonado)\BartlomiejKrzysztofChudy-DWES\Trimestre 1\17-code-estructure\ejercicios\src\utils\fibonacci.js">
        <metrics statements="4" coveredstatements="4" conditionals="4" coveredconditionals="4" methods="1" coveredmethods="1"/>
        <line num="3" count="21944" type="cond" truecount="2" falsecount="0"/>
        <line num="4" count="21943" type="cond" truecount="2" falsecount="0"/>
        <line num="5" count="10974" type="stmt"/>
        <line num="8" count="10969" type="stmt"/>
      </file>
    </package>
  </project>
</coverage>
