{"C:\\Users\\USUARIO\\Desktop\\Repositorio-DWES(Clonado)\\BartlomiejKrzysztofChudy-DWES\\Trimestre 1\\17-code-estructure\\ejercicios\\src\\controllers\\fibonacci-controller.js": {"path":"C:\\Users\\USUARIO\\Desktop\\Repositorio-DWES(Clonado)\\BartlomiejKrzysztofChudy-DWES\\Trimestre 1\\17-code-estructure\\ejercicios\\src\\controllers\\fibonacci-controller.js","statementMap":{"0":{"start":{"line":3,"column":28},"end":{"line":15,"column":1}},"1":{"start":{"line":4,"column":14},"end":{"line":4,"column":58}},"2":{"start":{"line":6,"column":4},"end":{"line":8,"column":5}},"3":{"start":{"line":7,"column":8},"end":{"line":7,"column":76}},"4":{"start":{"line":9,"column":21},"end":{"line":9,"column":34}},"5":{"start":{"line":11,"column":4},"end":{"line":14,"column":7}}},"fnMap":{"0":{"name":"(anonymous_0)","decl":{"start":{"line":3,"column":28},"end":{"line":3,"column":29}},"loc":{"start":{"line":3,"column":42},"end":{"line":15,"column":1}},"line":3}},"branchMap":{"0":{"loc":{"start":{"line":4,"column":30},"end":{"line":4,"column":57}},"type":"binary-expr","locations":[{"start":{"line":4,"column":30},"end":{"line":4,"column":41}},{"start":{"line":4,"column":45},"end":{"line":4,"column":57}}],"line":4},"1":{"loc":{"start":{"line":6,"column":4},"end":{"line":8,"column":5}},"type":"if","locations":[{"start":{"line":6,"column":4},"end":{"line":8,"column":5}},{"start":{},"end":{}}],"line":6}},"s":{"0":1,"1":2,"2":2,"3":1,"4":1,"5":1},"f":{"0":2},"b":{"0":[2,0],"1":[1,1]},"meta":{"lastBranch":2,"lastFunction":1,"lastStatement":6,"seen":{"s:3:28:15:1":0,"f:3:28:3:29":0,"s:4:14:4:58":1,"b:4:30:4:41:4:45:4:57":0,"b:6:4:8:5:undefined:undefined:undefined:undefined":1,"s:6:4:8:5":2,"s:7:8:7:76":3,"s:9:21:9:34":4,"s:11:4:14:7":5}}}
,"C:\\Users\\USUARIO\\Desktop\\Repositorio-DWES(Clonado)\\BartlomiejKrzysztofChudy-DWES\\Trimestre 1\\17-code-estructure\\ejercicios\\src\\utils\\fibonacci.js": {"path":"C:\\Users\\USUARIO\\Desktop\\Repositorio-DWES(Clonado)\\BartlomiejKrzysztofChudy-DWES\\Trimestre 1\\17-code-estructure\\ejercicios\\src\\utils\\fibonacci.js","statementMap":{"0":{"start":{"line":3,"column":4},"end":{"line":3,"column":24}},"1":{"start":{"line":3,"column":15},"end":{"line":3,"column":24}},"2":{"start":{"line":4,"column":4},"end":{"line":6,"column":5}},"3":{"start":{"line":5,"column":8},"end":{"line":5,"column":17}},"4":{"start":{"line":8,"column":4},"end":{"line":8,"column":47}}},"fnMap":{"0":{"name":"fibonacci","decl":{"start":{"line":1,"column":16},"end":{"line":1,"column":25}},"loc":{"start":{"line":1,"column":29},"end":{"line":9,"column":null}},"line":1}},"branchMap":{"0":{"loc":{"start":{"line":3,"column":4},"end":{"line":3,"column":24}},"type":"if","locations":[{"start":{"line":3,"column":4},"end":{"line":3,"column":24}},{"start":{},"end":{}}],"line":3},"1":{"loc":{"start":{"line":4,"column":4},"end":{"line":6,"column":5}},"type":"if","locations":[{"start":{"line":4,"column":4},"end":{"line":6,"column":5}},{"start":{},"end":{}}],"line":4}},"s":{"0":21944,"1":1,"2":21943,"3":10974,"4":10969},"f":{"0":21944},"b":{"0":[1,21943],"1":[10974,10969]},"meta":{"lastBranch":2,"lastFunction":1,"lastStatement":5,"seen":{"f:1:16:1:25":0,"b:3:4:3:24:undefined:undefined:undefined:undefined":0,"s:3:4:3:24":0,"s:3:15:3:24":1,"b:4:4:6:5:undefined:undefined:undefined:undefined":1,"s:4:4:6:5":2,"s:5:8:5:17":3,"s:8:4:8:47":4}}}
}
